{"contracts/Pool.sol":{"l":{"37":11,"38":11,"39":11,"41":11,"42":33,"45":33,"46":1,"49":32,"52":10,"54":10,"62":10,"63":9,"64":28,"66":8,"69":9,"82":45,"83":44,"85":43,"93":2,"94":2,"96":1,"102":46,"103":46,"104":2,"108":44,"114":43,"115":43,"117":43,"121":1,"122":1,"123":1,"125":1},"path":"/Users/osarrouy/Documents/AragonBlack/fundraising/apps/pool/contracts/Pool.sol","s":{"1":11,"2":11,"3":33,"4":33,"5":1,"6":32,"7":10,"8":10,"9":9,"10":28,"11":8,"12":45,"13":44,"14":43,"15":2,"16":2,"17":1,"18":46,"19":46,"20":2,"21":44,"22":43,"23":43,"24":43,"25":1,"26":1,"27":1},"b":{"1":[1,32],"2":[9,1],"3":[27,1],"4":[44,1],"5":[43,1],"6":[1,1],"7":[2,44]},"f":{"1":11,"2":45,"3":2,"4":46,"5":43,"6":1},"fnMap":{"1":{"name":"safeExecute","line":36,"loc":{"start":{"line":36,"column":4},"end":{"line":36,"column":85}}},"2":{"name":"addCollateralToken","line":81,"loc":{"start":{"line":81,"column":4},"end":{"line":81,"column":86}}},"3":{"name":"removeCollateralToken","line":92,"loc":{"start":{"line":92,"column":4},"end":{"line":92,"column":92}}},"4":{"name":"collateralTokenIndex","line":101,"loc":{"start":{"line":101,"column":4},"end":{"line":101,"column":77}}},"5":{"name":"_addCollateralToken","line":113,"loc":{"start":{"line":113,"column":4},"end":{"line":113,"column":55}}},"6":{"name":"_removeCollateralToken","line":120,"loc":{"start":{"line":120,"column":4},"end":{"line":120,"column":74}}}},"statementMap":{"1":{"start":{"line":37,"column":8},"end":{"line":37,"column":72}},"2":{"start":{"line":41,"column":8},"end":{"line":41,"column":1732}},"3":{"start":{"line":42,"column":12},"end":{"line":42,"column":50}},"4":{"start":{"line":45,"column":12},"end":{"line":45,"column":1923}},"5":{"start":{"line":46,"column":14},"end":{"line":46,"column":44}},"6":{"start":{"line":49,"column":12},"end":{"line":49,"column":39}},"7":{"start":{"line":52,"column":8},"end":{"line":52,"column":40}},"8":{"start":{"line":62,"column":8},"end":{"line":62,"column":2392}},"9":{"start":{"line":63,"column":10},"end":{"line":63,"column":2418}},"10":{"start":{"line":64,"column":14},"end":{"line":64,"column":97}},"11":{"start":{"line":66,"column":12},"end":{"line":66,"column":56}},"12":{"start":{"line":82,"column":8},"end":{"line":82,"column":84}},"13":{"start":{"line":83,"column":8},"end":{"line":83,"column":77}},"14":{"start":{"line":85,"column":8},"end":{"line":85,"column":34}},"15":{"start":{"line":93,"column":6},"end":{"line":93,"column":49}},"16":{"start":{"line":94,"column":6},"end":{"line":94,"column":52}},"17":{"start":{"line":96,"column":6},"end":{"line":96,"column":42}},"18":{"start":{"line":102,"column":8},"end":{"line":102,"column":3931}},"19":{"start":{"line":103,"column":12},"end":{"line":103,"column":4000}},"20":{"start":{"line":104,"column":14},"end":{"line":104,"column":22}},"21":{"start":{"line":108,"column":8},"end":{"line":108,"column":25}},"22":{"start":{"line":114,"column":8},"end":{"line":114,"column":58}},"23":{"start":{"line":115,"column":8},"end":{"line":115,"column":56}},"24":{"start":{"line":117,"column":8},"end":{"line":117,"column":39}},"25":{"start":{"line":122,"column":8},"end":{"line":122,"column":74}},"26":{"start":{"line":123,"column":8},"end":{"line":123,"column":58}},"27":{"start":{"line":125,"column":8},"end":{"line":125,"column":42}}},"branchMap":{"1":{"line":45,"type":"if","locations":[{"start":{"line":45,"column":12},"end":{"line":45,"column":12}},{"start":{"line":45,"column":12},"end":{"line":45,"column":12}}]},"2":{"line":62,"type":"if","locations":[{"start":{"line":62,"column":8},"end":{"line":62,"column":8}},{"start":{"line":62,"column":8},"end":{"line":62,"column":8}}]},"3":{"line":64,"type":"if","locations":[{"start":{"line":64,"column":14},"end":{"line":64,"column":14}},{"start":{"line":64,"column":14},"end":{"line":64,"column":14}}]},"4":{"line":82,"type":"if","locations":[{"start":{"line":82,"column":8},"end":{"line":82,"column":8}},{"start":{"line":82,"column":8},"end":{"line":82,"column":8}}]},"5":{"line":83,"type":"if","locations":[{"start":{"line":83,"column":8},"end":{"line":83,"column":8}},{"start":{"line":83,"column":8},"end":{"line":83,"column":8}}]},"6":{"line":94,"type":"if","locations":[{"start":{"line":94,"column":6},"end":{"line":94,"column":6}},{"start":{"line":94,"column":6},"end":{"line":94,"column":6}}]},"7":{"line":103,"type":"if","locations":[{"start":{"line":103,"column":12},"end":{"line":103,"column":12}},{"start":{"line":103,"column":12},"end":{"line":103,"column":12}}]}}}}