TN:
SF:/Users/osarrouy/Documents/AragonBlack/fundraising/apps/pool/contracts/Pool.sol
FN:36,safeExecute
FN:81,addCollateralToken
FN:92,removeCollateralToken
FN:101,collateralTokenIndex
FN:113,_addCollateralToken
FN:120,_removeCollateralToken
FNF:6
FNH:6
FNDA:11,safeExecute
FNDA:45,addCollateralToken
FNDA:2,removeCollateralToken
FNDA:46,collateralTokenIndex
FNDA:43,_addCollateralToken
FNDA:1,_removeCollateralToken
DA:37,11
DA:38,11
DA:39,11
DA:41,11
DA:42,33
DA:45,33
DA:46,1
DA:49,32
DA:52,10
DA:54,10
DA:62,10
DA:63,9
DA:64,28
DA:66,8
DA:69,9
DA:82,45
DA:83,44
DA:85,43
DA:93,2
DA:94,2
DA:96,1
DA:102,46
DA:103,46
DA:104,2
DA:108,44
DA:114,43
DA:115,43
DA:117,43
DA:121,1
DA:122,1
DA:123,1
DA:125,1
LF:32
LH:32
BRDA:45,1,0,1
BRDA:45,1,1,32
BRDA:62,2,0,9
BRDA:62,2,1,1
BRDA:64,3,0,27
BRDA:64,3,1,1
BRDA:82,4,0,44
BRDA:82,4,1,1
BRDA:83,5,0,43
BRDA:83,5,1,1
BRDA:94,6,0,1
BRDA:94,6,1,1
BRDA:103,7,0,2
BRDA:103,7,1,44
BRF:14
BRH:14
end_of_record
