TN:
SF:/Users/osarrouy/Documents/AragonBlack/fundraising/apps/tap/contracts/Tap.sol
FN:56,initialize
FN:75,updateVault
FN:85,updatePool
FN:96,addTokenTap
FN:108,removeTokenTap
FN:119,updateTokenTap
FN:131,withdraw
FN:141,isMonthlyTapIncreaseValid
FN:152,poolBalance
FN:160,getMaxWithdrawal
FN:168,_addTokenTap
FN:176,_removeTokenTap
FN:182,_updateTokenTap
FN:189,_updatePool
FN:195,_updateVault
FN:201,_withdraw
FN:212,_isValuePct
FNF:17
FNH:17
FNDA:31,initialize
FNDA:2,updateVault
FNDA:2,updatePool
FNDA:27,addTokenTap
FNDA:3,removeTokenTap
FNDA:11,updateTokenTap
FNDA:6,withdraw
FNDA:8,isMonthlyTapIncreaseValid
FNDA:8,poolBalance
FNDA:8,getMaxWithdrawal
FNDA:23,_addTokenTap
FNDA:2,_removeTokenTap
FNDA:6,_updateTokenTap
FNDA:1,_updatePool
FNDA:1,_updateVault
FNDA:4,_withdraw
FNDA:6,_isValuePct
DA:57,31
DA:58,30
DA:60,29
DA:62,29
DA:63,29
DA:64,29
DA:76,2
DA:78,1
DA:86,2
DA:88,1
DA:97,27
DA:98,26
DA:99,25
DA:101,23
DA:109,3
DA:111,2
DA:120,11
DA:121,10
DA:122,8
DA:124,6
DA:132,6
DA:133,5
DA:134,5
DA:136,4
DA:142,8
DA:143,2
DA:145,6
DA:146,6
DA:147,6
DA:149,6
DA:153,8
DA:154,4
DA:156,4
DA:161,8
DA:162,8
DA:163,8
DA:169,23
DA:170,23
DA:171,23
DA:173,23
DA:177,2
DA:179,2
DA:183,6
DA:184,6
DA:186,6
DA:190,1
DA:192,1
DA:196,1
DA:198,1
DA:202,4
DA:203,4
DA:205,4
DA:213,6
DA:214,0
DA:217,6
DA:218,6
LF:56
LH:55
BRDA:57,1,0,30
BRDA:57,1,1,1
BRDA:58,2,0,29
BRDA:58,2,1,1
BRDA:76,3,0,1
BRDA:76,3,1,1
BRDA:86,4,0,1
BRDA:86,4,1,1
BRDA:97,5,0,26
BRDA:97,5,1,1
BRDA:98,6,0,25
BRDA:98,6,1,1
BRDA:99,7,0,23
BRDA:99,7,1,2
BRDA:109,8,0,2
BRDA:109,8,1,1
BRDA:120,9,0,10
BRDA:120,9,1,1
BRDA:121,10,0,8
BRDA:121,10,1,2
BRDA:122,11,0,6
BRDA:122,11,1,2
BRDA:132,12,0,5
BRDA:132,12,1,1
BRDA:134,13,0,4
BRDA:134,13,1,1
BRDA:142,14,0,2
BRDA:142,14,1,6
BRDA:153,15,0,4
BRDA:153,15,1,4
BRDA:213,16,0,0
BRDA:213,16,1,6
BRF:32
BRH:31
end_of_record
