{"contracts/Tap.sol":{"l":{"57":31,"58":30,"60":29,"62":29,"63":29,"64":29,"76":2,"78":1,"86":2,"88":1,"97":27,"98":26,"99":25,"101":23,"109":3,"111":2,"120":11,"121":10,"122":8,"124":6,"132":6,"133":5,"134":5,"136":4,"142":8,"143":2,"145":6,"146":6,"147":6,"149":6,"153":8,"154":4,"156":4,"161":8,"162":8,"163":8,"169":23,"170":23,"171":23,"173":23,"177":2,"179":2,"183":6,"184":6,"186":6,"190":1,"192":1,"196":1,"198":1,"202":4,"203":4,"205":4,"213":6,"214":0,"217":6,"218":6},"path":"/Users/osarrouy/Documents/AragonBlack/fundraising/apps/tap/contracts/Tap.sol","s":{"1":31,"2":30,"3":29,"4":29,"5":29,"6":29,"7":2,"8":1,"9":2,"10":1,"11":27,"12":26,"13":25,"14":23,"15":3,"16":2,"17":11,"18":10,"19":8,"20":6,"21":6,"22":5,"23":5,"24":4,"25":8,"26":2,"27":6,"28":6,"29":6,"30":6,"31":8,"32":4,"33":4,"34":8,"35":8,"36":8,"37":23,"38":23,"39":23,"40":23,"41":2,"42":2,"43":6,"44":6,"45":6,"46":1,"47":1,"48":1,"49":1,"50":4,"51":4,"52":6,"53":0,"54":6,"55":6},"b":{"1":[30,1],"2":[29,1],"3":[1,1],"4":[1,1],"5":[26,1],"6":[25,1],"7":[23,2],"8":[2,1],"9":[10,1],"10":[8,2],"11":[6,2],"12":[5,1],"13":[4,1],"14":[2,6],"15":[4,4],"16":[0,6]},"f":{"1":31,"2":2,"3":2,"4":27,"5":3,"6":11,"7":6,"8":8,"9":8,"10":8,"11":23,"12":2,"13":6,"14":1,"15":1,"16":4,"17":6},"fnMap":{"1":{"name":"initialize","line":56,"loc":{"start":{"line":56,"column":4},"end":{"line":56,"column":101}}},"2":{"name":"updateVault","line":75,"loc":{"start":{"line":75,"column":4},"end":{"line":75,"column":69}}},"3":{"name":"updatePool","line":85,"loc":{"start":{"line":85,"column":4},"end":{"line":85,"column":65}}},"4":{"name":"addTokenTap","line":96,"loc":{"start":{"line":96,"column":4},"end":{"line":96,"column":86}}},"5":{"name":"removeTokenTap","line":108,"loc":{"start":{"line":108,"column":4},"end":{"line":108,"column":78}}},"6":{"name":"updateTokenTap","line":119,"loc":{"start":{"line":119,"column":4},"end":{"line":119,"column":92}}},"7":{"name":"withdraw","line":131,"loc":{"start":{"line":131,"column":4},"end":{"line":131,"column":64}}},"8":{"name":"isMonthlyTapIncreaseValid","line":141,"loc":{"start":{"line":141,"column":4},"end":{"line":141,"column":107}}},"9":{"name":"poolBalance","line":152,"loc":{"start":{"line":152,"column":4},"end":{"line":152,"column":82}}},"10":{"name":"getMaxWithdrawal","line":160,"loc":{"start":{"line":160,"column":4},"end":{"line":160,"column":87}}},"11":{"name":"_addTokenTap","line":168,"loc":{"start":{"line":168,"column":4},"end":{"line":168,"column":62}}},"12":{"name":"_removeTokenTap","line":176,"loc":{"start":{"line":176,"column":4},"end":{"line":176,"column":51}}},"13":{"name":"_updateTokenTap","line":182,"loc":{"start":{"line":182,"column":4},"end":{"line":182,"column":65}}},"14":{"name":"_updatePool","line":189,"loc":{"start":{"line":189,"column":4},"end":{"line":189,"column":43}}},"15":{"name":"_updateVault","line":195,"loc":{"start":{"line":195,"column":4},"end":{"line":195,"column":46}}},"16":{"name":"_withdraw","line":201,"loc":{"start":{"line":201,"column":4},"end":{"line":201,"column":62}}},"17":{"name":"_isValuePct","line":212,"loc":{"start":{"line":212,"column":4},"end":{"line":212,"column":97}}}},"statementMap":{"1":{"start":{"line":57,"column":8},"end":{"line":57,"column":60}},"2":{"start":{"line":58,"column":8},"end":{"line":58,"column":58}},"3":{"start":{"line":60,"column":8},"end":{"line":60,"column":20}},"4":{"start":{"line":62,"column":8},"end":{"line":62,"column":19}},"5":{"start":{"line":63,"column":8},"end":{"line":63,"column":21}},"6":{"start":{"line":64,"column":8},"end":{"line":64,"column":61}},"7":{"start":{"line":76,"column":8},"end":{"line":76,"column":60}},"8":{"start":{"line":78,"column":8},"end":{"line":78,"column":27}},"9":{"start":{"line":86,"column":8},"end":{"line":86,"column":58}},"10":{"start":{"line":88,"column":8},"end":{"line":88,"column":25}},"11":{"start":{"line":97,"column":8},"end":{"line":97,"column":84}},"12":{"start":{"line":98,"column":8},"end":{"line":98,"column":74}},"13":{"start":{"line":99,"column":8},"end":{"line":99,"column":51}},"14":{"start":{"line":101,"column":8},"end":{"line":101,"column":33}},"15":{"start":{"line":109,"column":8},"end":{"line":109,"column":74}},"16":{"start":{"line":111,"column":8},"end":{"line":111,"column":30}},"17":{"start":{"line":120,"column":8},"end":{"line":120,"column":74}},"18":{"start":{"line":121,"column":8},"end":{"line":121,"column":51}},"19":{"start":{"line":122,"column":8},"end":{"line":122,"column":89}},"20":{"start":{"line":124,"column":8},"end":{"line":124,"column":36}},"21":{"start":{"line":132,"column":8},"end":{"line":132,"column":64}},"22":{"start":{"line":133,"column":8},"end":{"line":133,"column":48}},"23":{"start":{"line":134,"column":8},"end":{"line":134,"column":56}},"24":{"start":{"line":136,"column":8},"end":{"line":136,"column":32}},"25":{"start":{"line":142,"column":8},"end":{"line":142,"column":5614}},"26":{"start":{"line":143,"column":12},"end":{"line":143,"column":23}},"27":{"start":{"line":145,"column":8},"end":{"line":145,"column":56}},"28":{"start":{"line":146,"column":8},"end":{"line":146,"column":44}},"29":{"start":{"line":147,"column":8},"end":{"line":147,"column":85}},"30":{"start":{"line":149,"column":8},"end":{"line":149,"column":63}},"31":{"start":{"line":153,"column":8},"end":{"line":153,"column":6012}},"32":{"start":{"line":154,"column":12},"end":{"line":154,"column":40}},"33":{"start":{"line":156,"column":12},"end":{"line":156,"column":54}},"34":{"start":{"line":161,"column":8},"end":{"line":161,"column":44}},"35":{"start":{"line":162,"column":8},"end":{"line":162,"column":76}},"36":{"start":{"line":163,"column":8},"end":{"line":163,"column":50}},"37":{"start":{"line":169,"column":8},"end":{"line":169,"column":26}},"38":{"start":{"line":170,"column":8},"end":{"line":170,"column":36}},"39":{"start":{"line":171,"column":8},"end":{"line":171,"column":35}},"40":{"start":{"line":173,"column":8},"end":{"line":173,"column":38}},"41":{"start":{"line":177,"column":8},"end":{"line":177,"column":32}},"42":{"start":{"line":179,"column":8},"end":{"line":179,"column":35}},"43":{"start":{"line":183,"column":8},"end":{"line":183,"column":26}},"44":{"start":{"line":184,"column":8},"end":{"line":184,"column":35}},"45":{"start":{"line":186,"column":8},"end":{"line":186,"column":41}},"46":{"start":{"line":190,"column":8},"end":{"line":190,"column":19}},"47":{"start":{"line":192,"column":8},"end":{"line":192,"column":39}},"48":{"start":{"line":196,"column":8},"end":{"line":196,"column":21}},"49":{"start":{"line":198,"column":8},"end":{"line":198,"column":41}},"50":{"start":{"line":202,"column":8},"end":{"line":202,"column":36}},"51":{"start":{"line":205,"column":8},"end":{"line":205,"column":38}},"52":{"start":{"line":213,"column":8},"end":{"line":213,"column":7969}},"53":{"start":{"line":214,"column":12},"end":{"line":214,"column":24}},"54":{"start":{"line":217,"column":8},"end":{"line":217,"column":58}},"55":{"start":{"line":218,"column":8},"end":{"line":218,"column":33}}},"branchMap":{"1":{"line":57,"type":"if","locations":[{"start":{"line":57,"column":8},"end":{"line":57,"column":8}},{"start":{"line":57,"column":8},"end":{"line":57,"column":8}}]},"2":{"line":58,"type":"if","locations":[{"start":{"line":58,"column":8},"end":{"line":58,"column":8}},{"start":{"line":58,"column":8},"end":{"line":58,"column":8}}]},"3":{"line":76,"type":"if","locations":[{"start":{"line":76,"column":8},"end":{"line":76,"column":8}},{"start":{"line":76,"column":8},"end":{"line":76,"column":8}}]},"4":{"line":86,"type":"if","locations":[{"start":{"line":86,"column":8},"end":{"line":86,"column":8}},{"start":{"line":86,"column":8},"end":{"line":86,"column":8}}]},"5":{"line":97,"type":"if","locations":[{"start":{"line":97,"column":8},"end":{"line":97,"column":8}},{"start":{"line":97,"column":8},"end":{"line":97,"column":8}}]},"6":{"line":98,"type":"if","locations":[{"start":{"line":98,"column":8},"end":{"line":98,"column":8}},{"start":{"line":98,"column":8},"end":{"line":98,"column":8}}]},"7":{"line":99,"type":"if","locations":[{"start":{"line":99,"column":8},"end":{"line":99,"column":8}},{"start":{"line":99,"column":8},"end":{"line":99,"column":8}}]},"8":{"line":109,"type":"if","locations":[{"start":{"line":109,"column":8},"end":{"line":109,"column":8}},{"start":{"line":109,"column":8},"end":{"line":109,"column":8}}]},"9":{"line":120,"type":"if","locations":[{"start":{"line":120,"column":8},"end":{"line":120,"column":8}},{"start":{"line":120,"column":8},"end":{"line":120,"column":8}}]},"10":{"line":121,"type":"if","locations":[{"start":{"line":121,"column":8},"end":{"line":121,"column":8}},{"start":{"line":121,"column":8},"end":{"line":121,"column":8}}]},"11":{"line":122,"type":"if","locations":[{"start":{"line":122,"column":8},"end":{"line":122,"column":8}},{"start":{"line":122,"column":8},"end":{"line":122,"column":8}}]},"12":{"line":132,"type":"if","locations":[{"start":{"line":132,"column":8},"end":{"line":132,"column":8}},{"start":{"line":132,"column":8},"end":{"line":132,"column":8}}]},"13":{"line":134,"type":"if","locations":[{"start":{"line":134,"column":8},"end":{"line":134,"column":8}},{"start":{"line":134,"column":8},"end":{"line":134,"column":8}}]},"14":{"line":142,"type":"if","locations":[{"start":{"line":142,"column":8},"end":{"line":142,"column":8}},{"start":{"line":142,"column":8},"end":{"line":142,"column":8}}]},"15":{"line":153,"type":"if","locations":[{"start":{"line":153,"column":8},"end":{"line":153,"column":8}},{"start":{"line":153,"column":8},"end":{"line":153,"column":8}}]},"16":{"line":213,"type":"if","locations":[{"start":{"line":213,"column":8},"end":{"line":213,"column":8}},{"start":{"line":213,"column":8},"end":{"line":213,"column":8}}]}}}}